0x000000000009FC00
0x0000000000000400
for section number
0x0000000000000000
0x00000000000F0000
0x0000000000010000
for section number
0x0000000000000001
0x000000007FFDF000
0x0000000000021000
for section number
0x0000000000000002
0x00000000B0000000
0x0000000010000000
for section number
0x0000000000000003
0x00000000FED1C000
0x0000000000004000
for section number
0x0000000000000004
0x00000000FFFC0000
0x0000000000040000
for section number
0x0000000000000005
0x000000FD00000000
0x0000000300000000
for section number
0x0000000000000006
